<?xml version="1.0" encoding="UTF-8"?>
<!-- Generated by org.testng.reporters.JUnitReportReporter -->
<testsuite hostname="L00180" failures="0" tests="2" name="dayForceTests.timeSchedulesAutomation.TimeScheduleTests" time="17.575" errors="0" timestamp="2024-11-30T01:22:05 GMT" skipped="0">
  <testcase classname="dayForceTests.timeSchedulesAutomation.TimeScheduleTests" name="testLoadOrganisation" time="14.350"/>
  <testcase classname="dayForceTests.timeSchedulesAutomation.TimeScheduleTests" name="verifyOrganisationTitleMatchesSelectedOrganisation" time="3.225"/>
</testsuite> <!-- dayForceTests.timeSchedulesAutomation.TimeScheduleTests -->
