<?xml version="1.0" encoding="UTF-8"?>
<!-- Generated by org.testng.reporters.JUnitReportReporter -->
<testsuite hostname="L00180" failures="0" tests="2" name="dayForceTests.LoginPageTests" time="13.702" errors="0" timestamp="2024-12-22T02:46:48 GMT" skipped="0">
  <testcase classname="dayForceTests.LoginPageTests" name="testNavigateToHomePage" time="8.347"/>
  <testcase classname="dayForceTests.LoginPageTests" name="testAccountLogin" time="5.355"/>
</testsuite> <!-- dayForceTests.LoginPageTests -->
