<?xml version="1.0" encoding="UTF-8"?>
<!-- Generated by org.testng.reporters.JUnitReportReporter -->
<testsuite hostname="L00180" failures="0" tests="2" name="dayForceTests.LoginPageTests" time="14.998" errors="0" timestamp="2024-11-30T01:22:05 GMT" skipped="0">
  <testcase classname="dayForceTests.LoginPageTests" name="testNavigateToHomePage" time="10.405"/>
  <testcase classname="dayForceTests.LoginPageTests" name="testAccountLogin" time="4.593"/>
</testsuite> <!-- dayForceTests.LoginPageTests -->
