<?xml version="1.0" encoding="UTF-8"?>
<!-- Generated by org.testng.reporters.JUnitReportReporter -->
<testsuite hostname="L00180" failures="0" tests="2" name="dayForceTests.LoginPageTests" time="20.745" errors="0" timestamp="2024-12-22T16:40:34 GMT" skipped="0">
  <testcase classname="dayForceTests.LoginPageTests" name="testAccountLogin" time="7.961"/>
  <testcase classname="dayForceTests.LoginPageTests" name="testNavigateToHomePage" time="12.784"/>
</testsuite> <!-- dayForceTests.LoginPageTests -->
