<?xml version="1.0" encoding="UTF-8"?>
<!-- Generated by org.testng.reporters.JUnitReportReporter -->
<testsuite hostname="L00180" failures="0" tests="3" name="dayForceTests.timeSchedulesAutomation.TimeScheduleTests" time="21.341" errors="0" timestamp="2024-12-17T23:27:09 GMT" skipped="0">
  <testcase classname="dayForceTests.timeSchedulesAutomation.TimeScheduleTests" name="verifyDayOfWeekMatchesTitle" time="2.695"/>
  <testcase classname="dayForceTests.timeSchedulesAutomation.TimeScheduleTests" name="testLoadOrganisation" time="18.642"/>
  <testcase classname="dayForceTests.timeSchedulesAutomation.TimeScheduleTests" name="testDragAndDropShift" time="0.004"/>
</testsuite> <!-- dayForceTests.timeSchedulesAutomation.TimeScheduleTests -->
