<?xml version="1.0" encoding="UTF-8"?>
<!-- Generated by org.testng.reporters.JUnitReportReporter -->
<testsuite hostname="L00180" failures="0" tests="2" name="dayForceTests.timeSchedulesAutomation.TimeScheduleTests" time="14.704" errors="0" timestamp="2024-11-22T23:07:28 GMT" skipped="0">
  <testcase classname="dayForceTests.timeSchedulesAutomation.TimeScheduleTests" name="verifyRegionTitleMatchesSelectedRegion" time="0.066"/>
  <testcase classname="dayForceTests.timeSchedulesAutomation.TimeScheduleTests" name="testLoadRegion" time="14.638"/>
</testsuite> <!-- dayForceTests.timeSchedulesAutomation.TimeScheduleTests -->
