<?xml version="1.0" encoding="UTF-8"?>
<!-- Generated by org.testng.reporters.JUnitReportReporter -->
<testsuite hostname="L00180" failures="0" tests="3" name="dayForceTests.timeSchedulesAutomation.TimeScheduleTests" time="60.328" errors="0" timestamp="2024-12-10T22:35:54 GMT" skipped="0">
  <testcase classname="dayForceTests.timeSchedulesAutomation.TimeScheduleTests" name="testLoadOrganisation" time="15.385"/>
  <testcase classname="dayForceTests.timeSchedulesAutomation.TimeScheduleTests" name="testDragAndDropShift" time="0.002"/>
  <testcase classname="dayForceTests.timeSchedulesAutomation.TimeScheduleTests" name="verifyDayOfWeekMatchesTitle" time="44.941"/>
</testsuite> <!-- dayForceTests.timeSchedulesAutomation.TimeScheduleTests -->
