<?xml version="1.0" encoding="UTF-8"?>
<!-- Generated by org.testng.reporters.JUnitReportReporter -->
<testsuite hostname="L00180" failures="0" tests="2" name="dayForceTests.LoginPageTests" time="22.619" errors="0" timestamp="2024-12-03T19:38:23 GMT" skipped="0">
  <testcase classname="dayForceTests.LoginPageTests" name="testNavigateToHomePage" time="14.550"/>
  <testcase classname="dayForceTests.LoginPageTests" name="testAccountLogin" time="8.069"/>
</testsuite> <!-- dayForceTests.LoginPageTests -->
