<?xml version="1.0" encoding="UTF-8"?>
<!-- Generated by org.testng.reporters.JUnitReportReporter -->
<testsuite hostname="L00180" failures="0" tests="2" name="dayForceTests.LoginPageTests" time="14.366" errors="0" timestamp="2024-11-27T09:26:51 GMT" skipped="0">
  <testcase classname="dayForceTests.LoginPageTests" name="testAccountLogin" time="7.321"/>
  <testcase classname="dayForceTests.LoginPageTests" name="testNavigateToHomePage" time="7.045"/>
</testsuite> <!-- dayForceTests.LoginPageTests -->
