<?xml version="1.0" encoding="UTF-8"?>
<!-- Generated by org.testng.reporters.JUnitReportReporter -->
<testsuite hostname="L00180" failures="0" tests="1" name="dayForceTests.HomePageTests" time="0.350" errors="0" timestamp="2024-11-30T02:57:26 GMT" skipped="0">
  <testcase classname="dayForceTests.HomePageTests" name="testHamburgerToOpenSideMenu" time="0.350"/>
</testsuite> <!-- dayForceTests.HomePageTests -->
