<?xml version="1.0" encoding="UTF-8"?>
<!-- Generated by org.testng.reporters.JUnitReportReporter -->
<testsuite hostname="L00180" failures="0" tests="3" name="dayForceTests.timeSchedulesAutomation.TimeScheduleTests" time="22.992" errors="0" timestamp="2024-12-22T16:40:34 GMT" skipped="0">
  <testcase classname="dayForceTests.timeSchedulesAutomation.TimeScheduleTests" name="verifyDayOfWeekMatchesTitle" time="6.239"/>
  <testcase classname="dayForceTests.timeSchedulesAutomation.TimeScheduleTests" name="testDragAndDropShift" time="0.004"/>
  <testcase classname="dayForceTests.timeSchedulesAutomation.TimeScheduleTests" name="testLoadOrganisation" time="16.749"/>
</testsuite> <!-- dayForceTests.timeSchedulesAutomation.TimeScheduleTests -->
