<?xml version="1.0" encoding="UTF-8"?>
<!-- Generated by org.testng.reporters.JUnitReportReporter -->
<testsuite hostname="L00180" failures="0" tests="2" name="dayForceTests.LoginPageTests" time="33.035" errors="0" timestamp="2024-12-01T21:25:49 GMT" skipped="0">
  <testcase classname="dayForceTests.LoginPageTests" name="testAccountLogin" time="12.738"/>
  <testcase classname="dayForceTests.LoginPageTests" name="testNavigateToHomePage" time="20.297"/>
</testsuite> <!-- dayForceTests.LoginPageTests -->
