<?xml version="1.0" encoding="UTF-8"?>
<!-- Generated by org.testng.reporters.JUnitReportReporter -->
<testsuite hostname="L00180" failures="0" tests="2" name="dayForceTests.LoginPageTests" time="15.409" errors="0" timestamp="2024-11-30T02:57:26 GMT" skipped="0">
  <testcase classname="dayForceTests.LoginPageTests" name="testNavigateToHomePage" time="8.568"/>
  <testcase classname="dayForceTests.LoginPageTests" name="testAccountLogin" time="6.841"/>
</testsuite> <!-- dayForceTests.LoginPageTests -->
