<?xml version="1.0" encoding="UTF-8"?>
<!-- Generated by org.testng.reporters.JUnitReportReporter -->
<testsuite hostname="L00180" failures="0" tests="2" name="dayForceTests.LoginPageTests" time="18.112" errors="0" timestamp="2024-12-01T19:41:01 GMT" skipped="0">
  <testcase classname="dayForceTests.LoginPageTests" name="testNavigateToHomePage" time="11.378"/>
  <testcase classname="dayForceTests.LoginPageTests" name="testAccountLogin" time="6.734"/>
</testsuite> <!-- dayForceTests.LoginPageTests -->
