<?xml version="1.0" encoding="UTF-8"?>
<!-- Generated by org.testng.reporters.JUnitReportReporter -->
<testsuite hostname="L00180" failures="0" tests="2" name="dayForceTests.LoginPageTests" time="18.200" errors="0" timestamp="2024-11-30T21:04:43 GMT" skipped="0">
  <testcase classname="dayForceTests.LoginPageTests" name="testAccountLogin" time="8.429"/>
  <testcase classname="dayForceTests.LoginPageTests" name="testNavigateToHomePage" time="9.771"/>
</testsuite> <!-- dayForceTests.LoginPageTests -->
