<?xml version="1.0" encoding="UTF-8"?>
<!-- Generated by org.testng.reporters.JUnitReportReporter -->
<testsuite hostname="L00180" failures="0" tests="2" name="dayForceTests.LoginPageTests" time="18.417" errors="0" timestamp="2024-12-03T07:27:34 GMT" skipped="0">
  <testcase classname="dayForceTests.LoginPageTests" name="testAccountLogin" time="7.333"/>
  <testcase classname="dayForceTests.LoginPageTests" name="testNavigateToHomePage" time="11.084"/>
</testsuite> <!-- dayForceTests.LoginPageTests -->
