<?xml version="1.0" encoding="UTF-8"?>
<!-- Generated by org.testng.reporters.JUnitReportReporter -->
<testsuite hostname="L00180" failures="0" tests="2" name="dayForceTests.LoginPageTests" time="18.046" errors="0" timestamp="2024-12-10T22:35:54 GMT" skipped="0">
  <testcase classname="dayForceTests.LoginPageTests" name="testAccountLogin" time="7.361"/>
  <testcase classname="dayForceTests.LoginPageTests" name="testNavigateToHomePage" time="10.685"/>
</testsuite> <!-- dayForceTests.LoginPageTests -->
