<?xml version="1.0" encoding="UTF-8"?>
<!-- Generated by org.testng.reporters.JUnitReportReporter -->
<testsuite hostname="L00180" failures="0" tests="2" name="dayForceTests.LoginPageTests" time="9.934" errors="0" timestamp="2024-11-30T02:21:58 GMT" skipped="0">
  <testcase classname="dayForceTests.LoginPageTests" name="testNavigateToHomePage" time="6.470"/>
  <testcase classname="dayForceTests.LoginPageTests" name="testAccountLogin" time="3.464"/>
</testsuite> <!-- dayForceTests.LoginPageTests -->
