<?xml version="1.0" encoding="UTF-8"?>
<!-- Generated by org.testng.reporters.JUnitReportReporter -->
<testsuite hostname="L00180" failures="0" tests="2" name="dayForceTests.timeSchedulesAutomation.TimeScheduleTests" time="78.785" errors="0" timestamp="2024-12-01T21:25:49 GMT" skipped="0">
  <testcase classname="dayForceTests.timeSchedulesAutomation.TimeScheduleTests" name="verifyDayOfWeekMatchesTitle" time="64.273"/>
  <testcase classname="dayForceTests.timeSchedulesAutomation.TimeScheduleTests" name="testLoadOrganisation" time="14.512"/>
</testsuite> <!-- dayForceTests.timeSchedulesAutomation.TimeScheduleTests -->
