<?xml version="1.0" encoding="UTF-8"?>
<!-- Generated by org.testng.reporters.JUnitReportReporter -->
<testsuite hostname="L00180" failures="0" tests="2" name="dayForceTests.LoginPageTests" time="14.651" errors="0" timestamp="2024-11-28T00:39:23 GMT" skipped="0">
  <testcase classname="dayForceTests.LoginPageTests" name="testAccountLogin" time="5.551"/>
  <testcase classname="dayForceTests.LoginPageTests" name="testNavigateToHomePage" time="9.100"/>
</testsuite> <!-- dayForceTests.LoginPageTests -->
