<?xml version="1.0" encoding="UTF-8"?>
<!-- Generated by org.testng.reporters.JUnitReportReporter -->
<testsuite hostname="L00180" failures="0" tests="2" name="dayForceTests.LoginPageTests" time="12.809" errors="0" timestamp="2024-12-14T02:54:40 GMT" skipped="0">
  <testcase classname="dayForceTests.LoginPageTests" name="testNavigateToHomePage" time="8.162"/>
  <testcase classname="dayForceTests.LoginPageTests" name="testAccountLogin" time="4.647"/>
</testsuite> <!-- dayForceTests.LoginPageTests -->
