<?xml version="1.0" encoding="UTF-8"?>
<!-- Generated by org.testng.reporters.JUnitReportReporter -->
<testsuite hostname="L00180" failures="0" tests="3" name="dayForceTests.timeSchedulesAutomation.TimeScheduleTests" time="23.154" errors="0" timestamp="2024-12-14T02:54:40 GMT" skipped="0">
  <testcase classname="dayForceTests.timeSchedulesAutomation.TimeScheduleTests" name="testLoadOrganisation" time="11.524"/>
  <testcase classname="dayForceTests.timeSchedulesAutomation.TimeScheduleTests" name="verifyDayOfWeekMatchesTitle" time="11.630"/>
  <testcase classname="dayForceTests.timeSchedulesAutomation.TimeScheduleTests" name="testDragAndDropShift" time="0.000"/>
</testsuite> <!-- dayForceTests.timeSchedulesAutomation.TimeScheduleTests -->
