<?xml version="1.0" encoding="UTF-8"?>
<!-- Generated by org.testng.reporters.JUnitReportReporter -->
<testsuite hostname="L00180" failures="0" tests="2" name="dayForceTests.LoginPageTests" time="13.667" errors="0" timestamp="2024-11-30T21:19:17 GMT" skipped="0">
  <testcase classname="dayForceTests.LoginPageTests" name="testAccountLogin" time="6.442"/>
  <testcase classname="dayForceTests.LoginPageTests" name="testNavigateToHomePage" time="7.225"/>
</testsuite> <!-- dayForceTests.LoginPageTests -->
