<?xml version="1.0" encoding="UTF-8"?>
<!-- Generated by org.testng.reporters.JUnitReportReporter -->
<testsuite hostname="L00180" failures="0" tests="3" name="dayForceTests.timeSchedulesAutomation.TimeScheduleTests" time="15.538" errors="0" timestamp="2024-12-22T02:46:48 GMT" skipped="0">
  <testcase classname="dayForceTests.timeSchedulesAutomation.TimeScheduleTests" name="verifyDayOfWeekMatchesTitle" time="4.971"/>
  <testcase classname="dayForceTests.timeSchedulesAutomation.TimeScheduleTests" name="testLoadOrganisation" time="10.565"/>
  <testcase classname="dayForceTests.timeSchedulesAutomation.TimeScheduleTests" name="testDragAndDropShift" time="0.002"/>
</testsuite> <!-- dayForceTests.timeSchedulesAutomation.TimeScheduleTests -->
