<?xml version="1.0" encoding="UTF-8"?>
<!-- Generated by org.testng.reporters.JUnitReportReporter -->
<testsuite hostname="L00180" failures="0" tests="2" name="dayForceTests.LoginPageTests" time="30.118" errors="0" timestamp="2024-11-22T23:07:28 GMT" skipped="0">
  <testcase classname="dayForceTests.LoginPageTests" name="accountLoginPageTest" time="0.346"/>
  <testcase classname="dayForceTests.LoginPageTests" name="navigateToAuthenticationPageTest" time="29.772"/>
</testsuite> <!-- dayForceTests.LoginPageTests -->
